<?xml version="1.0" encoding="UTF-8"?>
<testsuite xmlns:xsi="http://www.w3.org/2001/XMLSchema-instance" xsi:noNamespaceSchemaLocation="https://maven.apache.org/surefire/maven-surefire-plugin/xsd/surefire-test-report.xsd" version="3.0.2" name="com.fooddelivery.FoodDeliveryApplicationTests" time="3.642" tests="1" errors="0" skipped="0" failures="0">
  <properties>
[...]
</properties>
  <testcase name="contextLoads" classname="com.fooddelivery.FoodDeliveryApplicationTests" time="0.337">
    <system-out><![CDATA[14:13:22.386 [main] INFO org.springframework.test.context.support.AnnotationConfigContextLoaderUtils -- Could not detect default configuration classes for test class [com.fooddelivery.FoodDeliveryApplicationTests]: FoodDeliveryApplicationTests does not declare any static, non-private, non-final, nested classes annotated with @Configuration.
14:13:22.451 [main] INFO org.springframework.boot.test.context.SpringBootTestContextBootstrapper -- Found @SpringBootConfiguration com.fooddelivery.FoodDeliveryApplication for test class com.fooddelivery.FoodDeliveryApplicationTests
14:13:22.540 [main] INFO org.springframework.boot.devtools.restart.RestartApplicationListener -- Restart disabled due to context in which it is running

  .   ____          _            __ _ _
 /\\ / ___'_ __ _ _(_)_ __  __ _ \ \ \ \
( ( )\___ | '_ | '_| | '_ \/ _` | \ \ \ \
 \\/  ___)| |_)| | | | | || (_| |  ) ) ) )
  '  |____| .__|_| |_|_| |_\__, | / / / /
 =========|_|==============|___/=/_/_/_/

 :: Spring Boot ::                (v3.4.3)

2026-03-06T14:13:22.725Z  INFO 12529 --- [           main] c.f.FoodDeliveryApplicationTests         : Starting FoodDeliveryApplicationTests using Java 21.0.9 with PID 12529 (started by ubuntu in /workspace/backend)
2026-03-06T14:13:22.725Z DEBUG 12529 --- [           main] c.f.FoodDeliveryApplicationTests         : Running with Spring Boot v3.4.3, Spring v6.2.3
2026-03-06T14:13:22.725Z  INFO 12529 --- [           main] c.f.FoodDeliveryApplicationTests         : The following 1 profile is active: "dev"
2026-03-06T14:13:23.252Z  INFO 12529 --- [           main] .s.d.r.c.RepositoryConfigurationDelegate : Bootstrapping Spring Data JPA repositories in DEFAULT mode.
2026-03-06T14:13:23.292Z  INFO 12529 --- [           main] .s.d.r.c.RepositoryConfigurationDelegate : Finished Spring Data repository scanning in 34 ms. Found 7 JPA repository interfaces.
2026-03-06T14:13:23.621Z  INFO 12529 --- [           main] o.hibernate.jpa.internal.util.LogHelper  : HHH000204: Processing PersistenceUnitInfo [name: default]
2026-03-06T14:13:23.670Z  INFO 12529 --- [           main] org.hibernate.Version                    : HHH000412: Hibernate ORM core version 6.6.8.Final
2026-03-06T14:13:23.690Z  INFO 12529 --- [           main] o.h.c.internal.RegionFactoryInitiator    : HHH000026: Second-level cache disabled
2026-03-06T14:13:23.831Z  INFO 12529 --- [           main] o.s.o.j.p.SpringPersistenceUnitInfo      : No LoadTimeWeaver setup: ignoring JPA class transformer
2026-03-06T14:13:23.845Z  INFO 12529 --- [           main] com.zaxxer.hikari.HikariDataSource       : HikariPool-1 - Starting...
2026-03-06T14:13:23.937Z  INFO 12529 --- [           main] com.zaxxer.hikari.pool.HikariPool        : HikariPool-1 - Added connection conn0: url=jdbc:h2:mem:fooddelivery user=SA
2026-03-06T14:13:23.938Z  INFO 12529 --- [           main] com.zaxxer.hikari.HikariDataSource       : HikariPool-1 - Start completed.
2026-03-06T14:13:23.949Z  WARN 12529 --- [           main] org.hibernate.orm.deprecation            : HHH90000025: H2Dialect does not need to be specified explicitly using 'hibernate.dialect' (remove the property setting and it will be selected by default)
2026-03-06T14:13:23.959Z  INFO 12529 --- [           main] org.hibernate.orm.connections.pooling    : HHH10001005: Database info:
	Database JDBC URL [Connecting through datasource 'HikariDataSource (HikariPool-1)']
	Database driver: undefined/unknown
	Database version: 2.3.232
	Autocommit mode: undefined/unknown
	Isolation level: undefined/unknown
	Minimum pool size: undefined/unknown
	Maximum pool size: undefined/unknown
2026-03-06T14:13:24.504Z  INFO 12529 --- [           main] o.h.e.t.j.p.i.JtaPlatformInitiator       : HHH000489: No JTA platform available (set 'hibernate.transaction.jta.platform' to enable JTA platform integration)
Hibernate: drop table if exists categories cascade 
Hibernate: drop table if exists customers cascade 
Hibernate: drop table if exists media_files cascade 
Hibernate: drop table if exists order_items cascade 
Hibernate: drop table if exists orders cascade 
Hibernate: drop table if exists products cascade 
Hibernate: drop table if exists promos cascade 
Hibernate: drop table if exists store_settings cascade 
Hibernate: create table categories (active boolean not null, sort_order integer, created_at timestamp(6) with time zone, id bigint generated by default as identity, updated_at timestamp(6) with time zone, description varchar(255), name varchar(255) not null, primary key (id))
Hibernate: create table customers (created_at timestamp(6) with time zone, id bigint generated by default as identity, updated_at timestamp(6) with time zone, address varchar(255), avatar_url varchar(255), display_name varchar(255), email varchar(255) unique, google_id varchar(255), phone varchar(255), role enum ('ADMIN','CUSTOMER') not null, primary key (id))
Hibernate: create table media_files (created_at timestamp(6) with time zone, file_size bigint, id bigint generated by default as identity, updated_at timestamp(6) with time zone, content_type varchar(255), filename varchar(255) not null, storage_path varchar(255) not null, primary key (id))
Hibernate: create table order_items (quantity integer not null, created_at timestamp(6) with time zone, id bigint generated by default as identity, order_id bigint not null, product_id bigint not null, unit_price bigint not null, updated_at timestamp(6) with time zone, primary key (id))
Hibernate: create table orders (cutlery boolean not null, green_contribution boolean not null, created_at timestamp(6) with time zone, customer_id bigint, delivery_fee bigint, discount bigint, id bigint generated by default as identity, subtotal bigint, total bigint, updated_at timestamp(6) with time zone, contact_phone varchar(255), delivery_address varchar(255), guest_email varchar(255), guest_name varchar(255), notes varchar(255), order_number varchar(255) not null unique, delivery_type enum ('PRIORITY','SAVER','STANDARD') not null, status enum ('CANCELLED','CONFIRMED','DELIVERED','DELIVERING','PENDING','PREPARING') not null, primary key (id))
Hibernate: create table products (active boolean not null, category_id bigint, created_at timestamp(6) with time zone, id bigint generated by default as identity, price bigint not null, updated_at timestamp(6) with time zone, badge varchar(255), description varchar(255), image_url varchar(255), name varchar(255) not null, primary key (id))
Hibernate: create table promos (active boolean not null, created_at timestamp(6) with time zone, discount_amount bigint not null, id bigint generated by default as identity, min_spend bigint, updated_at timestamp(6) with time zone, valid_from timestamp(6) with time zone, valid_until timestamp(6) with time zone, code varchar(255) not null unique, description varchar(255) not null, primary key (id))
Hibernate: create table store_settings (delivery_time_priority integer, delivery_time_saver integer, delivery_time_standard integer, maintenance_mode boolean not null, rating float(53), review_count integer, created_at timestamp(6) with time zone, delivery_fee_priority bigint, delivery_fee_saver bigint, delivery_fee_standard bigint, id bigint generated by default as identity, priority_surcharge bigint, updated_at timestamp(6) with time zone, email varchar(255), location varchar(255), logo_url varchar(255), maintenance_message varchar(255), phone varchar(255), store_name varchar(255) not null, primary key (id))
Hibernate: alter table if exists order_items add constraint FKbioxgbv59vetrxe0ejfubep1w foreign key (order_id) references orders
Hibernate: alter table if exists order_items add constraint FKocimc7dtr037rh4ls4l95nlfi foreign key (product_id) references products
Hibernate: alter table if exists orders add constraint FKpxtb8awmi0dk6smoh2vp1litg foreign key (customer_id) references customers
Hibernate: alter table if exists products add constraint FKog2rp4qthbtt2lfyhfo32lsw9 foreign key (category_id) references categories
2026-03-06T14:13:24.544Z  INFO 12529 --- [           main] j.LocalContainerEntityManagerFactoryBean : Initialized JPA EntityManagerFactory for persistence unit 'default'
2026-03-06T14:13:24.945Z  WARN 12529 --- [           main] JpaBaseConfiguration$JpaWebConfiguration : spring.jpa.open-in-view is enabled by default. Therefore, database queries may be performed during view rendering. Explicitly configure spring.jpa.open-in-view to disable this warning
2026-03-06T14:13:24.956Z DEBUG 12529 --- [           main] swordEncoderAuthenticationManagerBuilder : No authenticationProviders and no parentAuthenticationManager defined. Returning null.
2026-03-06T14:13:25.137Z DEBUG 12529 --- [           main] o.s.s.web.DefaultSecurityFilterChain     : Will secure any request with filters: DisableEncodeUrlFilter, WebAsyncManagerIntegrationFilter, SecurityContextHolderFilter, HeaderWriterFilter, LogoutFilter, JwtAuthenticationFilter, RequestCacheAwareFilter, SecurityContextHolderAwareRequestFilter, AnonymousAuthenticationFilter, SessionManagementFilter, ExceptionTranslationFilter, AuthorizationFilter
2026-03-06T14:13:25.290Z  INFO 12529 --- [           main] o.s.b.a.h2.H2ConsoleAutoConfiguration    : H2 console available at '/h2-console'. Database available at 'jdbc:h2:mem:fooddelivery'
2026-03-06T14:13:25.333Z  INFO 12529 --- [           main] c.f.FoodDeliveryApplicationTests         : Started FoodDeliveryApplicationTests in 2.8 seconds (process running for 3.39)
Hibernate: select count(*) from store_settings ss1_0
Hibernate: insert into store_settings (created_at,delivery_fee_priority,delivery_fee_saver,delivery_fee_standard,delivery_time_priority,delivery_time_saver,delivery_time_standard,email,location,logo_url,maintenance_message,maintenance_mode,phone,priority_surcharge,rating,review_count,store_name,updated_at,id) values (?,?,?,?,?,?,?,?,?,?,?,?,?,?,?,?,?,?,default)
Hibernate: insert into categories (active,created_at,description,name,sort_order,updated_at,id) values (?,?,?,?,?,?,default)
Hibernate: insert into products (active,badge,category_id,created_at,description,image_url,name,price,updated_at,id) values (?,?,?,?,?,?,?,?,?,default)
Hibernate: insert into products (active,badge,category_id,created_at,description,image_url,name,price,updated_at,id) values (?,?,?,?,?,?,?,?,?,default)
Hibernate: insert into products (active,badge,category_id,created_at,description,image_url,name,price,updated_at,id) values (?,?,?,?,?,?,?,?,?,default)
Hibernate: insert into products (active,badge,category_id,created_at,description,image_url,name,price,updated_at,id) values (?,?,?,?,?,?,?,?,?,default)
Hibernate: insert into products (active,badge,category_id,created_at,description,image_url,name,price,updated_at,id) values (?,?,?,?,?,?,?,?,?,default)
Hibernate: insert into products (active,badge,category_id,created_at,description,image_url,name,price,updated_at,id) values (?,?,?,?,?,?,?,?,?,default)
Hibernate: insert into customers (address,avatar_url,created_at,display_name,email,google_id,phone,role,updated_at,id) values (?,?,?,?,?,?,?,?,?,default)
Hibernate: insert into promos (active,code,created_at,description,discount_amount,min_spend,updated_at,valid_from,valid_until,id) values (?,?,?,?,?,?,?,?,?,default)
Hibernate: insert into promos (active,code,created_at,description,discount_amount,min_spend,updated_at,valid_from,valid_until,id) values (?,?,?,?,?,?,?,?,?,default)
]]></system-out>
    <system-err><![CDATA[Mockito is currently self-attaching to enable the inline-mock-maker. This will no longer work in future releases of the JDK. Please add Mockito as an agent to your build what is described in Mockito's documentation: https://javadoc.io/doc/org.mockito/mockito-core/latest/org/mockito/Mockito.html#0.3
WARNING: A Java agent has been loaded dynamically (/home/ubuntu/.m2/repository/net/bytebuddy/byte-buddy-agent/1.15.11/byte-buddy-agent-1.15.11.jar)
WARNING: If a serviceability tool is in use, please run with -XX:+EnableDynamicAgentLoading to hide this warning
WARNING: If a serviceability tool is not in use, please run with -Djdk.instrument.traceUsage for more information
WARNING: Dynamic loading of agents will be disallowed by default in a future release
]]></system-err>
  </testcase>
</testsuite>